<?xml version="1.0" encoding="UTF-8"?>
<testng-results ignored="0" total="1" passed="1" failed="0" skipped="0">
  <reporter-output>
  </reporter-output>
  <suite started-at="2025-08-26T10:31:38 IST" name="functionaltesting" finished-at="2025-08-26T10:32:24 IST" duration-ms="46029">
    <groups>
      <group name="cucumber">
        <method signature="AbstractTestNGCucumberTests.runScenario(io.cucumber.testng.PickleWrapper,io.cucumber.testng.FeatureWrapper)[pri:0, instance:TestRunner.MyTestRunner@128d2484]" name="runScenario" class="io.cucumber.testng.AbstractTestNGCucumberTests"/>
      </group> <!-- cucumber -->
    </groups>
    <test started-at="2025-08-26T10:31:38 IST" name="functionaltesting" finished-at="2025-08-26T10:32:24 IST" duration-ms="46029">
      <class name="TestRunner.MyTestRunner">
        <test-method is-config="true" signature="setUpClass()[pri:0, instance:TestRunner.MyTestRunner@128d2484]" started-at="2025-08-26T10:31:38 IST" name="setUpClass" finished-at="2025-08-26T10:31:38 IST" duration-ms="505" status="PASS">
          <reporter-output>
          </reporter-output>
        </test-method> <!-- setUpClass -->
        <test-method signature="runScenario(io.cucumber.testng.PickleWrapper,io.cucumber.testng.FeatureWrapper)[pri:0, instance:TestRunner.MyTestRunner@128d2484]" started-at="2025-08-26T10:31:38 IST" name="runScenario" description="Runs Cucumber Scenarios" data-provider="scenarios" finished-at="2025-08-26T10:32:19 IST" duration-ms="40672" status="PASS">
          <params>
            <param index="0">
              <value>
                <![CDATA["Login with multiple users"]]>
              </value>
            </param>
            <param index="1">
              <value>
                <![CDATA["Optional[Login Functionality]"]]>
              </value>
            </param>
          </params>
          <reporter-output>
          </reporter-output>
        </test-method> <!-- runScenario -->
        <test-method is-config="true" signature="tearDownClass()[pri:0, instance:TestRunner.MyTestRunner@128d2484]" started-at="2025-08-26T10:32:19 IST" name="tearDownClass" finished-at="2025-08-26T10:32:24 IST" duration-ms="4812" status="PASS">
          <reporter-output>
          </reporter-output>
        </test-method> <!-- tearDownClass -->
      </class> <!-- TestRunner.MyTestRunner -->
    </test> <!-- functionaltesting -->
  </suite> <!-- functionaltesting -->
</testng-results>
