<?xml version="1.0" encoding="UTF-8"?>
<testsuite xmlns:xsi="http://www.w3.org/2001/XMLSchema-instance" xsi:noNamespaceSchemaLocation="https://maven.apache.org/surefire/maven-surefire-plugin/xsd/surefire-test-report.xsd" version="3.0.1" name="TestSuite" time="46.631" tests="1" errors="0" skipped="0" failures="0">
  <properties>
[...]
</properties>
  <testcase name="runScenario[&quot;Login with multiple users&quot;, &quot;Optional[Login Functionality]&quot;](1)" classname="TestRunner.MyTestRunner" time="40.681">
    <system-out><![CDATA[
@sanity
Scenario: Login with multiple users   # src/test/resources/Features/login.feature:35
Browser launched before scenario
  Given User is on the login page     # StepDefinitions.StepDefinitions.user_is_on_the_login_page()
  When user enters credentials        # StepDefinitions.SaucedemoStepDefinitions.user_enters_credentials(io.cucumber.datatable.DataTable)
  And user clicks on the login button # StepDefinitions.StepDefinitions.user_clicks_on_the_login_button()
User is on the home page
  Then user is navigated to home page # StepDefinitions.StepDefinitions.user_is_navigated_to_home_page()
Browser closed after the scenario
]]></system-out>
    <system-err><![CDATA[SLF4J(W): No SLF4J providers were found.
SLF4J(W): Defaulting to no-operation (NOP) logger implementation
SLF4J(W): See https://www.slf4j.org/codes.html#noProviders for further details.
Aug 26, 2025 10:31:40 AM org.openqa.selenium.devtools.CdpVersionFinder findNearestMatch
WARNING: Unable to find an exact match for CDP version 139, returning the closest version; found: 135; Please update to a Selenium version that supports CDP version 139
]]></system-err>
  </testcase>
</testsuite>